<?xml version="1.0" encoding="UTF-8"?>
<testsuite xmlns:xsi="http://www.w3.org/2001/XMLSchema-instance" xsi:noNamespaceSchemaLocation="https://maven.apache.org/surefire/maven-surefire-plugin/xsd/surefire-test-report.xsd" name="uk.ac.ed.inf.AppTest" time="0.784" tests="21" errors="0" skipped="0" failures="0">
  <properties>
[...]
</properties>
  <testcase name="testCloseToFalse" classname="uk.ac.ed.inf.AppTest" time="0.003"/>
  <testcase name="testAngle20" classname="uk.ac.ed.inf.AppTest" time="0"/>
  <testcase name="testAngle50" classname="uk.ac.ed.inf.AppTest" time="0"/>
  <testcase name="testAngle90" classname="uk.ac.ed.inf.AppTest" time="0"/>
  <testcase name="testCloseToTrue" classname="uk.ac.ed.inf.AppTest" time="0"/>
  <testcase name="testMenusFourA" classname="uk.ac.ed.inf.AppTest" time="0.696"/>
  <testcase name="testMenusFourB" classname="uk.ac.ed.inf.AppTest" time="0.008"/>
  <testcase name="testMenusThree" classname="uk.ac.ed.inf.AppTest" time="0.009"/>
  <testcase name="testAngle140" classname="uk.ac.ed.inf.AppTest" time="0"/>
  <testcase name="testAngle190" classname="uk.ac.ed.inf.AppTest" time="0.001"/>
  <testcase name="testAngle260" classname="uk.ac.ed.inf.AppTest" time="0"/>
  <testcase name="testAngle300" classname="uk.ac.ed.inf.AppTest" time="0"/>
  <testcase name="testAngle350" classname="uk.ac.ed.inf.AppTest" time="0"/>
  <testcase name="testAngle999" classname="uk.ac.ed.inf.AppTest" time="0"/>
  <testcase name="testMenusOne" classname="uk.ac.ed.inf.AppTest" time="0.01"/>
  <testcase name="testMenusTwo" classname="uk.ac.ed.inf.AppTest" time="0.006"/>
  <testcase name="testAngle0" classname="uk.ac.ed.inf.AppTest" time="0.001"/>
  <testcase name="testIsConfinedFalse" classname="uk.ac.ed.inf.AppTest" time="0"/>
  <testcase name="testIsConfinedTrueA" classname="uk.ac.ed.inf.AppTest" time="0"/>
  <testcase name="testIsConfinedTrueB" classname="uk.ac.ed.inf.AppTest" time="0"/>
  <testcase name="testDistanceTo" classname="uk.ac.ed.inf.AppTest" time="0"/>
</testsuite>